<?xml version="1.0" encoding="UTF-8"?>
<testng-results ignored="0" total="1" passed="1" failed="0" skipped="0">
  <reporter-output>
  </reporter-output>
  <suite started-at="2019-08-26T20:56:19Z" name="SeleniumTest" finished-at="2019-08-26T20:57:06Z" duration-ms="47090">
    <groups>
    </groups>
    <test started-at="2019-08-26T20:56:19Z" name="Command line test" finished-at="2019-08-26T20:57:06Z" duration-ms="47090">
      <class name="SeleniumTest">
        <test-method signature="googleCheeseExample()[pri:0, instance:SeleniumTest@cd3fee8]" started-at="2019-08-26T20:56:19Z" name="googleCheeseExample" finished-at="2019-08-26T20:56:46Z" duration-ms="27377" status="PASS">
          <reporter-output>
          </reporter-output>
        </test-method> <!-- googleCheeseExample -->
        <test-method is-config="true" signature="closeDriverObjects()[pri:0, instance:SeleniumTest@cd3fee8]" started-at="2019-08-26T20:56:46Z" name="closeDriverObjects" finished-at="2019-08-26T20:57:06Z" duration-ms="19692" status="PASS">
          <reporter-output>
          </reporter-output>
        </test-method> <!-- closeDriverObjects -->
      </class> <!-- SeleniumTest -->
    </test> <!-- Command line test -->
  </suite> <!-- SeleniumTest -->
</testng-results>
